TN:
SF:src/MessageHandler.js
FN:11,MessageHandler
FN:14,send
FN:20,(anonymous_2)
FN:27,(anonymous_3)
FN:33,(anonymous_4)
FN:39,(anonymous_5)
FN:45,(anonymous_6)
FN:50,(anonymous_7)
FN:55,(anonymous_8)
FN:58,(anonymous_9)
FN:63,(anonymous_10)
FN:78,(anonymous_11)
FN:92,(anonymous_12)
FN:110,(anonymous_13)
FN:115,(anonymous_14)
FN:120,(anonymous_15)
FN:125,(anonymous_16)
FN:130,(anonymous_17)
FN:135,(anonymous_18)
FN:140,(anonymous_19)
FN:147,(anonymous_20)
FN:151,(anonymous_21)
FN:155,(anonymous_22)
FN:159,(anonymous_23)
FN:163,(anonymous_24)
FNF:25
FNH:13
FNDA:31,MessageHandler
FNDA:15,send
FNDA:3,(anonymous_2)
FNDA:3,(anonymous_3)
FNDA:1,(anonymous_4)
FNDA:1,(anonymous_5)
FNDA:0,(anonymous_6)
FNDA:0,(anonymous_7)
FNDA:0,(anonymous_8)
FNDA:0,(anonymous_9)
FNDA:0,(anonymous_10)
FNDA:11,(anonymous_11)
FNDA:11,(anonymous_12)
FNDA:1,(anonymous_13)
FNDA:0,(anonymous_14)
FNDA:0,(anonymous_15)
FNDA:0,(anonymous_16)
FNDA:0,(anonymous_17)
FNDA:3,(anonymous_18)
FNDA:0,(anonymous_19)
FNDA:5,(anonymous_20)
FNDA:4,(anonymous_21)
FNDA:3,(anonymous_22)
FNDA:0,(anonymous_23)
FNDA:0,(anonymous_24)
DA:15,15
DA:18,31
DA:19,31
DA:21,3
DA:22,1
DA:24,3
DA:25,3
DA:29,3
DA:30,1
DA:34,1
DA:35,1
DA:40,1
DA:41,1
DA:46,0
DA:47,0
DA:51,0
DA:52,0
DA:56,0
DA:59,0
DA:60,0
DA:64,0
DA:65,0
DA:68,0
DA:73,0
DA:78,31
DA:79,11
DA:80,11
DA:82,2
DA:83,2
DA:85,9
DA:86,1
DA:87,1
DA:89,8
DA:92,31
DA:93,11
DA:94,11
DA:95,11
DA:96,1
DA:98,11
DA:99,11
DA:107,11
DA:110,31
DA:111,1
DA:112,1
DA:115,31
DA:116,0
DA:117,0
DA:120,31
DA:121,0
DA:122,0
DA:125,31
DA:126,0
DA:127,0
DA:130,31
DA:131,0
DA:132,0
DA:135,31
DA:136,3
DA:137,3
DA:140,31
DA:141,0
DA:142,0
DA:147,1
DA:151,1
DA:155,1
DA:159,1
DA:163,1
DA:166,1
LF:68
LH:47
BRDA:21,0,0,1
BRDA:21,0,1,2
BRDA:29,1,0,1
BRDA:29,1,1,2
BRDA:34,2,0,1
BRDA:34,2,1,0
BRDA:40,3,0,1
BRDA:40,3,1,0
BRDA:46,4,0,0
BRDA:46,4,1,0
BRDA:51,5,0,0
BRDA:51,5,1,0
BRDA:59,6,0,0
BRDA:59,6,1,0
BRDA:64,7,0,0
BRDA:64,7,1,0
BRDA:85,8,0,1
BRDA:85,8,1,8
BRDA:95,9,0,1
BRDA:95,9,1,10
BRDA:98,10,0,11
BRDA:98,10,1,1
BRF:22
BRH:12
end_of_record
TN:
SF:src/ProductGWClient.js
FN:16,ProductGWClient
FN:36,(anonymous_1)
FN:43,(anonymous_2)
FN:46,(anonymous_3)
FN:51,(anonymous_4)
FN:57,(anonymous_5)
FN:62,(anonymous_6)
FN:66,(anonymous_7)
FN:76,(anonymous_8)
FN:79,(anonymous_9)
FN:83,(anonymous_10)
FN:87,(anonymous_11)
FN:91,(anonymous_12)
FN:95,(anonymous_13)
FN:100,(anonymous_14)
FN:104,(anonymous_15)
FN:110,(anonymous_16)
FN:117,(anonymous_17)
FN:118,(anonymous_18)
FN:125,(anonymous_19)
FN:130,(anonymous_20)
FN:134,(anonymous_21)
FN:138,(anonymous_22)
FN:142,(anonymous_23)
FN:146,(anonymous_24)
FN:150,(anonymous_25)
FN:154,(anonymous_26)
FN:158,(anonymous_27)
FN:162,(anonymous_28)
FN:166,(anonymous_29)
FN:170,(anonymous_30)
FN:174,(anonymous_31)
FNF:32
FNH:20
FNDA:19,ProductGWClient
FNDA:0,(anonymous_1)
FNDA:19,(anonymous_2)
FNDA:1,(anonymous_3)
FNDA:4,(anonymous_4)
FNDA:1,(anonymous_5)
FNDA:0,(anonymous_6)
FNDA:5,(anonymous_7)
FNDA:19,(anonymous_8)
FNDA:2,(anonymous_9)
FNDA:1,(anonymous_10)
FNDA:1,(anonymous_11)
FNDA:0,(anonymous_12)
FNDA:0,(anonymous_13)
FNDA:27,(anonymous_14)
FNDA:5,(anonymous_15)
FNDA:6,(anonymous_16)
FNDA:5,(anonymous_17)
FNDA:2,(anonymous_18)
FNDA:4,(anonymous_19)
FNDA:1,(anonymous_20)
FNDA:0,(anonymous_21)
FNDA:0,(anonymous_22)
FNDA:0,(anonymous_23)
FNDA:0,(anonymous_24)
FNDA:0,(anonymous_25)
FNDA:2,(anonymous_26)
FNDA:0,(anonymous_27)
FNDA:2,(anonymous_28)
FNDA:1,(anonymous_29)
FNDA:0,(anonymous_30)
FNDA:0,(anonymous_31)
DA:11,1
DA:12,1
DA:13,1
DA:14,1
DA:20,19
DA:22,19
DA:23,19
DA:26,19
DA:28,19
DA:29,0
DA:30,0
DA:32,19
DA:34,19
DA:35,0
DA:36,0
DA:37,0
DA:40,19
DA:43,1
DA:44,19
DA:45,19
DA:46,19
DA:47,1
DA:51,19
DA:52,4
DA:53,4
DA:54,4
DA:57,19
DA:58,1
DA:62,1
DA:63,0
DA:66,1
DA:67,5
DA:68,0
DA:69,5
DA:70,5
DA:72,0
DA:76,1
DA:77,19
DA:78,19
DA:79,19
DA:80,2
DA:81,2
DA:83,19
DA:84,1
DA:87,19
DA:88,1
DA:91,19
DA:92,0
DA:95,19
DA:96,0
DA:100,1
DA:101,27
DA:104,1
DA:105,5
DA:106,5
DA:110,1
DA:111,6
DA:112,6
DA:113,1
DA:115,5
DA:116,5
DA:117,5
DA:118,5
DA:119,2
DA:121,5
DA:125,1
DA:126,4
DA:127,4
DA:130,1
DA:131,1
DA:134,1
DA:135,0
DA:138,1
DA:139,0
DA:142,1
DA:143,0
DA:146,1
DA:147,0
DA:150,1
DA:151,0
DA:154,1
DA:158,1
DA:162,1
DA:166,1
DA:170,1
DA:174,1
DA:177,1
LF:87
LH:72
BRDA:26,0,0,19
BRDA:26,0,1,19
BRDA:28,1,0,0
BRDA:28,1,1,19
BRDA:34,2,0,0
BRDA:34,2,1,19
BRDA:67,3,0,0
BRDA:67,3,1,5
BRDA:69,4,0,5
BRDA:69,4,1,0
BRDA:112,5,0,1
BRDA:112,5,1,5
BRF:12
BRH:8
end_of_record
TN:
SF:src/WebSocket.js
FN:11,WebSocket
FN:15,cleanSocket
FN:28,(anonymous_2)
FN:49,(anonymous_3)
FN:54,(anonymous_4)
FN:58,(anonymous_5)
FN:61,(anonymous_6)
FN:66,(anonymous_7)
FN:74,(anonymous_8)
FN:82,(anonymous_9)
FN:86,(anonymous_10)
FN:90,(anonymous_11)
FNF:12
FNH:12
FNDA:13,WebSocket
FNDA:2,cleanSocket
FNDA:15,(anonymous_2)
FNDA:3,(anonymous_3)
FNDA:2,(anonymous_4)
FNDA:1,(anonymous_5)
FNDA:1,(anonymous_6)
FNDA:2,(anonymous_7)
FNDA:3,(anonymous_8)
FNDA:1,(anonymous_9)
FNDA:1,(anonymous_10)
FNDA:1,(anonymous_11)
DA:14,13
DA:16,2
DA:17,2
DA:18,2
DA:19,2
DA:20,2
DA:22,2
DA:25,13
DA:28,13
DA:29,15
DA:30,4
DA:32,1
DA:33,1
DA:35,1
DA:37,1
DA:38,1
DA:40,1
DA:41,1
DA:42,1
DA:44,1
DA:46,4
DA:48,11
DA:49,11
DA:50,3
DA:51,2
DA:54,11
DA:55,2
DA:56,2
DA:58,11
DA:59,1
DA:61,11
DA:62,1
DA:66,13
DA:67,2
DA:68,1
DA:70,1
DA:74,13
DA:75,3
DA:76,2
DA:82,1
DA:86,1
DA:90,1
DA:94,1
LF:43
LH:43
BRDA:16,0,0,2
BRDA:16,0,1,0
BRDA:29,1,0,4
BRDA:29,1,1,11
BRDA:30,2,0,1
BRDA:30,2,1,1
BRDA:30,2,2,1
BRDA:30,2,3,1
BRDA:32,3,0,1
BRDA:32,3,1,0
BRDA:50,4,0,2
BRDA:50,4,1,1
BRDA:67,5,0,1
BRDA:67,5,1,1
BRDA:67,6,0,2
BRDA:67,6,1,1
BRDA:75,7,0,2
BRDA:75,7,1,1
BRF:18
BRH:16
end_of_record
